info it worked if it ends with ok
verbose cli [ 'node', '/usr/local/bin/npm', 'install', 'sessions' ]
info using npm@1.0.94
info using node@v0.4.12
verbose config file /root/.npmrc
verbose config file /usr/local/etc/npmrc
silly testEngine { name: 'application-name',
silly testEngine   version: '0.0.1',
silly testEngine   private: true,
silly testEngine   dependencies: { express: '2.4.7', jade: '>= 0.0.1' },
silly testEngine   _id: 'application-name@0.0.1',
silly testEngine   devDependencies: {},
silly testEngine   engines: { node: '*' },
silly testEngine   _engineSupported: true,
silly testEngine   _npmVersion: '1.0.94',
silly testEngine   _nodeVersion: 'v0.4.12',
silly testEngine   _defaultsLoaded: true }
verbose caching /home/ibrahim/webdev_miniproject/mainProject/package.json
verbose loadDefaults application-name@0.0.1
silly testEngine { name: 'jade',
silly testEngine   description: 'Jade template engine',
silly testEngine   version: '0.16.2',
silly testEngine   author: 
silly testEngine    { name: 'TJ Holowaychuk',
silly testEngine      email: 'tj@vision-media.ca' },
silly testEngine   repository: 
silly testEngine    { type: 'git',
silly testEngine      url: 'git://github.com/visionmedia/jade.git' },
silly testEngine   main: './index.js',
silly testEngine   bin: { jade: './bin/jade' },
silly testEngine   dependencies: { commander: '0.1.0', mkdirp: '>= 0.0.7' },
silly testEngine   devDependencies: 
silly testEngine    { expresso: '0.6.4',
silly testEngine      'coffee-script': '>= 0.0.1',
silly testEngine      sass: '>= 0.0.1',
silly testEngine      less: '>= 0.0.1',
silly testEngine      markdown: '>= 0.0.1',
silly testEngine      stylus: '>= 0.0.1',
silly testEngine      uubench: '0.0.1',
silly testEngine      'uglify-js': '>= 1.0.7' },
silly testEngine   scripts: { prepublish: 'npm prune' },
silly testEngine   engines: { node: '>= 0.1.98' },
silly testEngine   _id: 'jade@0.16.2',
silly testEngine   _engineSupported: true,
silly testEngine   _npmVersion: '1.0.94',
silly testEngine   _nodeVersion: 'v0.4.12',
silly testEngine   _defaultsLoaded: true }
verbose caching /home/ibrahim/webdev_miniproject/mainProject/node_modules/jade/package.json
verbose loadDefaults jade@0.16.2
silly testEngine { author: 
silly testEngine    { name: 'Dan Dean',
silly testEngine      email: '@dandean',
silly testEngine      url: 'http://dandean.com' },
silly testEngine   name: 'express-form',
silly testEngine   description: 'Form validation and data filtering for Express',
silly testEngine   version: '0.6.1',
silly testEngine   homepage: 'http://dandean.github.com/express-form',
silly testEngine   repository: 
silly testEngine    { type: 'git',
silly testEngine      url: 'git://github.com/dandean/express-form.git' },
silly testEngine   contributors: 
silly testEngine    [ { name: 'Marc Harter', email: 'wavded@gmail.com' },
silly testEngine      { name: 'Sugarstack', email: '@sugarstack' } ],
silly testEngine   keywords: [ 'form', 'validator', 'validation', 'express' ],
silly testEngine   dependencies: 
silly testEngine    { validator: '>= 0.1.2',
silly testEngine      'object-additions': '>= 0.5.0' },
silly testEngine   main: 'index',
silly testEngine   bugs: { url: 'http://github.com/dandean/express-form/issues' },
silly testEngine   scripts: { test: 'expresso' },
silly testEngine   engines: { node: '>=0.2.2' },
silly testEngine   licenses: 
silly testEngine    [ { type: 'MIT',
silly testEngine        url: 'http://github.com/dandean/express-form/raw/master/LICENSE' } ],
silly testEngine   _id: 'express-form@0.6.1',
silly testEngine   devDependencies: {},
silly testEngine   _engineSupported: true,
silly testEngine   _npmVersion: '1.0.94',
silly testEngine   _nodeVersion: 'v0.4.12',
silly testEngine   _defaultsLoaded: true }
verbose caching /home/ibrahim/webdev_miniproject/mainProject/node_modules/express-form/package.json
verbose loadDefaults express-form@0.6.1
silly testEngine { name: 'jqtpl',
silly testEngine   description: 'A port of jQuery\'s template engine',
silly testEngine   version: '1.0.6',
silly testEngine   author: 
silly testEngine    { name: 'Oleg Slobodskoi',
silly testEngine      email: 'oleg008@gmail.com' },
silly testEngine   contributors: 
silly testEngine    [ { name: 'John Resig', email: 'jeresig@gmail.com' },
silly testEngine      { name: 'Boris Moore', email: 'borismoore@gmail.com' } ],
silly testEngine   repository: 
silly testEngine    { type: 'git',
silly testEngine      url: 'git://github.com/kof/node-jqtpl.git' },
silly testEngine   keywords: 
silly testEngine    [ 'template',
silly testEngine      'engine',
silly testEngine      'jquery',
silly testEngine      'jquery-tmpl',
silly testEngine      'django',
silly testEngine      'logicless',
silly testEngine      'express' ],
silly testEngine   directories: { lib: './lib' },
silly testEngine   engines: { node: '>= 0.3.7' },
silly testEngine   devDependencies: { express: '>= 2.2.1 < 3.0.0', qunit: '>= 0.1.3' },
silly testEngine   licenses: 
silly testEngine    [ { type: 'MIT',
silly testEngine        url: 'http://www.opensource.org/licenses/mit-license.php' } ],
silly testEngine   _id: 'jqtpl@1.0.6',
silly testEngine   dependencies: {},
silly testEngine   _engineSupported: true,
silly testEngine   _npmVersion: '1.0.94',
silly testEngine   _nodeVersion: 'v0.4.12',
silly testEngine   _defaultsLoaded: true }
verbose caching /home/ibrahim/webdev_miniproject/mainProject/node_modules/jqtpl/package.json
verbose loadDefaults jqtpl@1.0.6
silly testEngine { name: 'express',
silly testEngine   description: 'Sinatra inspired web development framework',
silly testEngine   version: '2.4.7',
silly testEngine   author: 
silly testEngine    { name: 'TJ Holowaychuk',
silly testEngine      email: 'tj@vision-media.ca' },
silly testEngine   contributors: 
silly testEngine    [ { name: 'TJ Holowaychuk',
silly testEngine        email: 'tj@vision-media.ca' },
silly testEngine      { name: 'Aaron Heckmann',
silly testEngine        email: 'aaron.heckmann+github@gmail.com' },
silly testEngine      { name: 'Ciaran Jessup', email: 'ciaranj@gmail.com' },
silly testEngine      { name: 'Guillermo Rauch', email: 'rauchg@gmail.com' } ],
silly testEngine   dependencies: 
silly testEngine    { connect: '1.7.x',
silly testEngine      mime: '>= 0.0.1',
silly testEngine      qs: '>= 0.3.1',
silly testEngine      mkdirp: '0.0.7' },
silly testEngine   devDependencies: 
silly testEngine    { 'connect-form': '0.2.1',
silly testEngine      ejs: '0.4.2',
silly testEngine      expresso: '0.7.2',
silly testEngine      hamljs: '0.5.1',
silly testEngine      jade: '0.11.0',
silly testEngine      stylus: '0.13.0',
silly testEngine      should: '0.2.1',
silly testEngine      'express-messages': '0.0.2',
silly testEngine      'node-markdown': '>= 0.0.1',
silly testEngine      'connect-redis': '>= 0.0.1' },
silly testEngine   keywords: [ 'framework', 'sinatra', 'web', 'rest', 'restful' ],
silly testEngine   repository: 
silly testEngine    { type: 'git',
silly testEngine      url: 'git://github.com/visionmedia/express.git' },
silly testEngine   main: 'index',
silly testEngine   bin: { express: './bin/express' },
silly testEngine   scripts: { test: 'make test', prepublish: 'npm prune' },
silly testEngine   engines: { node: '>= 0.4.1 < 0.5.0' },
silly testEngine   _id: 'express@2.4.7',
silly testEngine   _engineSupported: true,
silly testEngine   _npmVersion: '1.0.94',
silly testEngine   _nodeVersion: 'v0.4.12',
silly testEngine   _defaultsLoaded: true }
verbose caching /home/ibrahim/webdev_miniproject/mainProject/node_modules/express/package.json
verbose loadDefaults express@2.4.7
silly testEngine { author: { name: 'Joyent', url: 'http://www.joyent.com' },
silly testEngine   name: 'url',
silly testEngine   description: 'Node.JS url module',
silly testEngine   keywords: [ 'ender', 'url' ],
silly testEngine   version: '0.4.9',
silly testEngine   homepage: 'http://nodejs.org/docs/v0.4.9/api/url.html',
silly testEngine   repository: 
silly testEngine    { type: 'git',
silly testEngine      url: 'git://github.com/coolaj86/nodejs-libs-4-browser.git' },
silly testEngine   main: './url.js',
silly testEngine   directories: { lib: '.' },
silly testEngine   engines: { node: '>= 0.2.0', ender: '>= 0.5.0' },
silly testEngine   dependencies: { querystring: '>= 0.0.0' },
silly testEngine   devDependencies: {},
silly testEngine   _id: 'url@0.4.9',
silly testEngine   _engineSupported: true,
silly testEngine   _npmVersion: '1.0.94',
silly testEngine   _nodeVersion: 'v0.4.12',
silly testEngine   _defaultsLoaded: true }
verbose caching /home/ibrahim/webdev_miniproject/mainProject/node_modules/url/package.json
verbose loadDefaults url@0.4.9
verbose from cache /home/ibrahim/webdev_miniproject/mainProject/package.json
verbose into /home/ibrahim/webdev_miniproject/mainProject [ 'sessions' ]
verbose cache add sessions
verbose cache add [ 'sessions', null ]
silly cache add: name, spec, args [ undefined, 'sessions', [ 'sessions', null ] ]
verbose parsed url { pathname: 'sessions', href: 'sessions' }
info addNamed [ 'sessions', '' ]
verbose addNamed [ null, '' ]
verbose GET sessions
verbose raw, before any munging sessions
verbose url resolving [ 'https://registry.npmjs.org/', './sessions' ]
verbose url resolved https://registry.npmjs.org/sessions
silly get cb [ 404,
silly get cb   { server: 'CouchDB/1.1.0 (Erlang OTP/R14B03)',
silly get cb     date: 'Mon, 10 Oct 2011 04:48:25 GMT',
silly get cb     'content-type': 'application/json',
silly get cb     'content-length': '52',
silly get cb     'cache-control': 'must-revalidate' } ]
ERR! 404 'sessions' is not in the npm registry.
ERR! 404 You could maybe bug the author to publish it
ERR! 404 Note that you can also install from a tarball or folder.
ERR! 
ERR! System Linux 2.6.38-11-generic-pae
ERR! command "node" "/usr/local/bin/npm" "install" "sessions"
ERR! cwd /home/ibrahim/webdev_miniproject/mainProject
ERR! node -v v0.4.12
ERR! npm -v 1.0.94
ERR! code E404
verbose exit [ 1, true ]
